Performing C SOURCE FILE Test CMAKE_HAVE_LIBC_PTHREAD failed with the following output:
Change Dir: /home/yiting/Project/CppND-Route-Planning-Project/build/CMakeFiles/CMakeTmp

Run Build Command(s):/usr/bin/make cmTC_1cc5e/fast && /usr/bin/make  -f CMakeFiles/cmTC_1cc5e.dir/build.make CMakeFiles/cmTC_1cc5e.dir/build
make[1]: Entering directory '/home/yiting/Project/CppND-Route-Planning-Project/build/CMakeFiles/CMakeTmp'
Building C object CMakeFiles/cmTC_1cc5e.dir/src.c.o
/usr/bin/cc   -DCMAKE_HAVE_LIBC_PTHREAD   -o CMakeFiles/cmTC_1cc5e.dir/src.c.o   -c /home/yiting/Project/CppND-Route-Planning-Project/build/CMakeFiles/CMakeTmp/src.c
Linking C executable cmTC_1cc5e
/usr/local/bin/cmake -E cmake_link_script CMakeFiles/cmTC_1cc5e.dir/link.txt --verbose=1
/usr/bin/cc  -DCMAKE_HAVE_LIBC_PTHREAD    -rdynamic CMakeFiles/cmTC_1cc5e.dir/src.c.o  -o cmTC_1cc5e 
CMakeFiles/cmTC_1cc5e.dir/src.c.o: In function `main':
src.c:(.text+0x3e): undefined reference to `pthread_create'
src.c:(.text+0x4a): undefined reference to `pthread_detach'
src.c:(.text+0x56): undefined reference to `pthread_cancel'
src.c:(.text+0x67): undefined reference to `pthread_join'
src.c:(.text+0x7b): undefined reference to `pthread_atfork'
collect2: error: ld returned 1 exit status
CMakeFiles/cmTC_1cc5e.dir/build.make:106: recipe for target 'cmTC_1cc5e' failed
make[1]: *** [cmTC_1cc5e] Error 1
make[1]: Leaving directory '/home/yiting/Project/CppND-Route-Planning-Project/build/CMakeFiles/CMakeTmp'
Makefile:141: recipe for target 'cmTC_1cc5e/fast' failed
make: *** [cmTC_1cc5e/fast] Error 2


Source file was:
#include <pthread.h>

void* test_func(void* data)
{
  return data;
}

int main(void)
{
  pthread_t thread;
  pthread_create(&thread, NULL, test_func, NULL);
  pthread_detach(thread);
  pthread_cancel(thread);
  pthread_join(thread, NULL);
  pthread_atfork(NULL, NULL, NULL);
  pthread_exit(NULL);

  return 0;
}

Determining if the function pthread_create exists in the pthreads failed with the following output:
Change Dir: /home/yiting/Project/CppND-Route-Planning-Project/build/CMakeFiles/CMakeTmp

Run Build Command(s):/usr/bin/make cmTC_9cb82/fast && /usr/bin/make  -f CMakeFiles/cmTC_9cb82.dir/build.make CMakeFiles/cmTC_9cb82.dir/build
make[1]: Entering directory '/home/yiting/Project/CppND-Route-Planning-Project/build/CMakeFiles/CMakeTmp'
Building C object CMakeFiles/cmTC_9cb82.dir/CheckFunctionExists.c.o
/usr/bin/cc   -DCHECK_FUNCTION_EXISTS=pthread_create   -o CMakeFiles/cmTC_9cb82.dir/CheckFunctionExists.c.o   -c /usr/local/share/cmake-3.17/Modules/CheckFunctionExists.c
Linking C executable cmTC_9cb82
/usr/local/bin/cmake -E cmake_link_script CMakeFiles/cmTC_9cb82.dir/link.txt --verbose=1
/usr/bin/cc  -DCHECK_FUNCTION_EXISTS=pthread_create    -rdynamic CMakeFiles/cmTC_9cb82.dir/CheckFunctionExists.c.o  -o cmTC_9cb82  -lpthreads 
/usr/bin/ld: cannot find -lpthreads
collect2: error: ld returned 1 exit status
CMakeFiles/cmTC_9cb82.dir/build.make:106: recipe for target 'cmTC_9cb82' failed
make[1]: *** [cmTC_9cb82] Error 1
make[1]: Leaving directory '/home/yiting/Project/CppND-Route-Planning-Project/build/CMakeFiles/CMakeTmp'
Makefile:141: recipe for target 'cmTC_9cb82/fast' failed
make: *** [cmTC_9cb82/fast] Error 2



